Flutter crash report.
Please report a bug at https://github.com/flutter/flutter/issues.

## command

flutter build apk --debug

## exception

FileSystemException: FileSystemException: Failed to decode data using encoding 'utf-8', path = '/Users/faisal/ventas_b2b/android/gradle.properties'

```
#0      _File._tryDecode (dart:io/file_impl.dart:707:7)
#1      _File.readAsStringSync (dart:io/file_impl.dart:718:7)
#2      ForwardingFile.readAsStringSync (package:file/src/forwarding/forwarding_file.dart:99:16)
#3      ErrorHandlingFile.readAsStringSync.<anonymous closure> (package:flutter_tools/src/base/error_handling_io.dart:212:22)
#4      _runSync (package:flutter_tools/src/base/error_handling_io.dart:550:14)
#5      ErrorHandlingFile.readAsStringSync (package:flutter_tools/src/base/error_handling_io.dart:211:12)
#6      isAppUsingAndroidX (package:flutter_tools/src/android/gradle.dart:999:21)
#7      _writeAndroidPluginRegistrant (package:flutter_tools/src/flutter_plugins.dart:387:17)
#8      injectPlugins (package:flutter_tools/src/flutter_plugins.dart:1235:11)
<asynchronous suspension>
#9      FlutterProject.ensureReadyForPlatformSpecificTooling (package:flutter_tools/src/project.dart:387:5)
<asynchronous suspension>
#10     FlutterCommand.verifyThenRunCommand (package:flutter_tools/src/runner/flutter_command.dart:1910:7)
<asynchronous suspension>
#11     FlutterCommand.run.<anonymous closure> (package:flutter_tools/src/runner/flutter_command.dart:1558:27)
<asynchronous suspension>
#12     AppContext.run.<anonymous closure> (package:flutter_tools/src/base/context.dart:154:19)
<asynchronous suspension>
#13     CommandRunner.runCommand (package:args/command_runner.dart:212:13)
<asynchronous suspension>
#14     FlutterCommandRunner.runCommand.<anonymous closure> (package:flutter_tools/src/runner/flutter_command_runner.dart:496:9)
<asynchronous suspension>
#15     AppContext.run.<anonymous closure> (package:flutter_tools/src/base/context.dart:154:19)
<asynchronous suspension>
#16     FlutterCommandRunner.runCommand (package:flutter_tools/src/runner/flutter_command_runner.dart:431:5)
<asynchronous suspension>
#17     run.<anonymous closure>.<anonymous closure> (package:flutter_tools/runner.dart:98:11)
<asynchronous suspension>
#18     AppContext.run.<anonymous closure> (package:flutter_tools/src/base/context.dart:154:19)
<asynchronous suspension>
#19     main (package:flutter_tools/executable.dart:99:3)
<asynchronous suspension>
```

## flutter doctor

```
[32m[✓][39m Flutter (Channel stable, 3.29.3, on macOS 14.6.1 23G93 darwin-arm64, locale es-VE) [396ms]
    [32m•[39m Flutter version 3.29.3 on channel stable at /Users/faisal/flutter
    [32m•[39m Upstream repository https://github.com/flutter/flutter.git
    [32m•[39m Framework revision ea121f8859 (2 weeks ago), 2025-04-11 19:10:07 +0000
    [32m•[39m Engine revision cf56914b32
    [32m•[39m Dart version 3.7.2
    [32m•[39m DevTools version 2.42.3

[32m[✓][39m Android toolchain - develop for Android devices (Android SDK version 35.0.1) [3,0s]
    [32m•[39m Android SDK at /Users/faisal/Library/Android/sdk
    [32m•[39m Platform android-35, build-tools 35.0.1
    [32m•[39m Java binary at: /Applications/Android Studio.app/Contents/jbr/Contents/Home/bin/java
      This is the JDK bundled with the latest Android Studio installation on this machine.
      To manually set the JDK path, use: `flutter config --jdk-dir="path/to/jdk"`.
    [32m•[39m Java version OpenJDK Runtime Environment (build 21.0.4+-12422083-b607.1)
    [32m•[39m All Android licenses accepted.

[32m[✓][39m Xcode - develop for iOS and macOS (Xcode 16.2) [683ms]
    [32m•[39m Xcode at /Applications/Xcode.app/Contents/Developer
    [32m•[39m Build 16C5032a
    [32m•[39m CocoaPods version 1.16.2

[32m[✓][39m Chrome - develop for the web [7ms]
    [32m•[39m Chrome at /Applications/Google Chrome.app/Contents/MacOS/Google Chrome

[32m[✓][39m Android Studio (version 2024.2) [7ms]
    [32m•[39m Android Studio at /Applications/Android Studio.app/Contents
    [32m•[39m Flutter plugin can be installed from:
      🔨 https://plugins.jetbrains.com/plugin/9212-flutter
    [32m•[39m Dart plugin can be installed from:
      🔨 https://plugins.jetbrains.com/plugin/6351-dart
    [32m•[39m Java version OpenJDK Runtime Environment (build 21.0.4+-12422083-b607.1)

[32m[✓][39m Connected device (5 available) [6,0s]
    [32m•[39m SM G998B (mobile)               • R5CR2120D6J               • android-arm64  • Android 14 (API 34)
    [32m•[39m iPhone (wireless) (mobile)      • 00008130-0002181A3AB8001C • ios            • iOS 18.4.1 22E252
    [32m•[39m macOS (desktop)                 • macos                     • darwin-arm64   • macOS 14.6.1 23G93 darwin-arm64
    [32m•[39m Mac Designed for iPad (desktop) • mac-designed-for-ipad     • darwin         • macOS 14.6.1 23G93 darwin-arm64
    [32m•[39m Chrome (web)                    • chrome                    • web-javascript • Google Chrome 135.0.7049.115

[32m[✓][39m Network resources [506ms]
    [32m•[39m All expected network resources are available.

[32m•[39m No issues found!
```
