[debug] [2025-04-16T00:36:35.483Z] ----------------------------------------------------------------------
[debug] [2025-04-16T00:36:35.484Z] Command:       /opt/homebrew/Cellar/node/23.9.0/bin/node /opt/homebrew/bin/firebase init
[debug] [2025-04-16T00:36:35.485Z] CLI Version:   14.0.1
[debug] [2025-04-16T00:36:35.485Z] Platform:      darwin
[debug] [2025-04-16T00:36:35.485Z] Node Version:  v23.9.0
[debug] [2025-04-16T00:36:35.485Z] Time:          Tue Apr 15 2025 20:36:35 GMT-0400 (Venezuela Time)
[debug] [2025-04-16T00:36:35.485Z] ----------------------------------------------------------------------
[debug] 
[debug] [2025-04-16T00:36:35.566Z] Object "/functions" in "firebase.json" has unknown property: {"additionalProperty":"region"}
[debug] [2025-04-16T00:36:35.566Z] Field "/functions" in "firebase.json" is possibly invalid: must be array
[debug] [2025-04-16T00:36:35.566Z] Field "/functions" in "firebase.json" is possibly invalid: must match a schema in anyOf
[debug] [2025-04-16T00:36:35.567Z] > command requires scopes: ["email","openid","https://www.googleapis.com/auth/cloudplatformprojects.readonly","https://www.googleapis.com/auth/firebase","https://www.googleapis.com/auth/cloud-platform"]
[debug] [2025-04-16T00:36:35.567Z] > authorizing via signed-in user (faisal@efamilymarket.com)
[debug] [2025-04-16T00:36:35.568Z] Object "/functions" in "firebase.json" has unknown property: {"additionalProperty":"region"}
[debug] [2025-04-16T00:36:35.568Z] Field "/functions" in "firebase.json" is possibly invalid: must be array
[debug] [2025-04-16T00:36:35.568Z] Field "/functions" in "firebase.json" is possibly invalid: must match a schema in anyOf
[info] 
     ######## #### ########  ######## ########     ###     ######  ########
     ##        ##  ##     ## ##       ##     ##  ##   ##  ##       ##
     ######    ##  ########  ######   ########  #########  ######  ######
     ##        ##  ##    ##  ##       ##     ## ##     ##       ## ##
     ##       #### ##     ## ######## ########  ##     ##  ######  ########

You're about to initialize a Firebase project in this directory:

  /Users/faisal/ventas_b2b

Before we get started, keep in mind:

  * You are initializing within an existing Firebase project directory

[info] 
=== Project Setup
[info] 
[info] First, let's associate this project directory with a Firebase project.
[info] You can create multiple project aliases by running firebase use --add, 
[info] but for now we'll just set up a default project.
[info] 
[debug] [2025-04-16T00:36:59.567Z] Using project from CLI flag: ventas-b2b-6fc4b
[debug] [2025-04-16T00:36:59.568Z] Checked if tokens are valid: true, expires at: 1744767385233
[debug] [2025-04-16T00:36:59.568Z] Checked if tokens are valid: true, expires at: 1744767385233
[debug] [2025-04-16T00:36:59.569Z] >>> [apiv2][query] GET https://firebase.googleapis.com/v1beta1/projects/ventas-b2b-6fc4b [none]
[debug] [2025-04-16T00:37:00.312Z] <<< [apiv2][status] GET https://firebase.googleapis.com/v1beta1/projects/ventas-b2b-6fc4b 200
[debug] [2025-04-16T00:37:00.312Z] <<< [apiv2][body] GET https://firebase.googleapis.com/v1beta1/projects/ventas-b2b-6fc4b {"projectId":"ventas-b2b-6fc4b","projectNumber":"665168840720","displayName":"Ventas B2B","name":"projects/ventas-b2b-6fc4b","resources":{"hostingSite":"ventas-b2b-6fc4b"},"state":"ACTIVE","etag":"1_361c6f23-f585-4b42-8cca-4b89f1db8c9d"}
[info] i  Using project ventas-b2b-6fc4b (Ventas B2B) 
[info] 
=== Hosting Setup
[debug] [2025-04-16T00:37:00.329Z] Checked if tokens are valid: true, expires at: 1744767385233
[debug] [2025-04-16T00:37:00.329Z] Checked if tokens are valid: true, expires at: 1744767385233
[debug] [2025-04-16T00:37:00.330Z] >>> [apiv2][query] GET https://firebase.googleapis.com/v1beta1/projects/ventas-b2b-6fc4b [none]
[debug] [2025-04-16T00:37:00.700Z] <<< [apiv2][status] GET https://firebase.googleapis.com/v1beta1/projects/ventas-b2b-6fc4b 200
[debug] [2025-04-16T00:37:00.700Z] <<< [apiv2][body] GET https://firebase.googleapis.com/v1beta1/projects/ventas-b2b-6fc4b {"projectId":"ventas-b2b-6fc4b","projectNumber":"665168840720","displayName":"Ventas B2B","name":"projects/ventas-b2b-6fc4b","resources":{"hostingSite":"ventas-b2b-6fc4b"},"state":"ACTIVE","etag":"1_361c6f23-f585-4b42-8cca-4b89f1db8c9d"}
[info] 
[info] Your public directory is the folder (relative to your project directory) that
[info] will contain Hosting assets to be uploaded with firebase deploy. If you
[info] have a build process for your assets, use your build's output directory.
[info] 
