[debug] [2025-03-21T04:47:50.440Z] ----------------------------------------------------------------------
[debug] [2025-03-21T04:47:50.442Z] Command:       /opt/homebrew/Cellar/node/23.9.0/bin/node /opt/homebrew/bin/firebase init
[debug] [2025-03-21T04:47:50.442Z] CLI Version:   13.35.1
[debug] [2025-03-21T04:47:50.442Z] Platform:      darwin
[debug] [2025-03-21T04:47:50.442Z] Node Version:  v23.9.0
[debug] [2025-03-21T04:47:50.443Z] Time:          Fri Mar 21 2025 00:47:50 GMT-0400 (Venezuela Time)
[debug] [2025-03-21T04:47:50.443Z] ----------------------------------------------------------------------
[debug] 
[debug] [2025-03-21T04:47:50.531Z] Object "/functions" in "firebase.json" has unknown property: {"additionalProperty":"region"}
[debug] [2025-03-21T04:47:50.532Z] Field "/functions" in "firebase.json" is possibly invalid: must be array
[debug] [2025-03-21T04:47:50.532Z] Field "/functions" in "firebase.json" is possibly invalid: must match a schema in anyOf
[debug] [2025-03-21T04:47:50.534Z] > command requires scopes: ["email","openid","https://www.googleapis.com/auth/cloudplatformprojects.readonly","https://www.googleapis.com/auth/firebase","https://www.googleapis.com/auth/cloud-platform"]
[debug] [2025-03-21T04:47:50.534Z] > authorizing via signed-in user (faisal@efamilymarket.com)
[debug] [2025-03-21T04:47:50.534Z] Object "/functions" in "firebase.json" has unknown property: {"additionalProperty":"region"}
[debug] [2025-03-21T04:47:50.534Z] Field "/functions" in "firebase.json" is possibly invalid: must be array
[debug] [2025-03-21T04:47:50.535Z] Field "/functions" in "firebase.json" is possibly invalid: must match a schema in anyOf
[info] 
     ######## #### ########  ######## ########     ###     ######  ########
     ##        ##  ##     ## ##       ##     ##  ##   ##  ##       ##
     ######    ##  ########  ######   ########  #########  ######  ######
     ##        ##  ##    ##  ##       ##     ## ##     ##       ## ##
     ##       #### ##     ## ######## ########  ##     ##  ######  ########

You're about to initialize a Firebase project in this directory:

  /Users/faisal/ventas_b2b

Before we get started, keep in mind:

  * You are initializing within an existing Firebase project directory

